INFO  2025-03-20 19:59:54.219 [-main][*][o.noear.solon.Solon]: 
App: Start loading
INFO  2025-03-20 19:59:54.267 [-main][*][o.noear.solon.Solon]: 
App: Plugin starting
INFO  2025-03-20 19:59:54.323 [-main][*][o.noear.solon.Solon]: 
Render mapping: @json=StringSerializerRender#snack3-json
INFO  2025-03-20 19:59:54.325 [-main][*][o.noear.solon.Solon]: 
Render mapping: @type_json=StringSerializerRender#snack3-json
INFO  2025-03-20 19:59:54.327 [-main][*][o.noear.solon.Solon]: 
Session: Local session state plugin is loaded
INFO  2025-03-20 19:59:54.408 [-main][*][o.noear.solon.Solon]: 
View: load: FreemarkerRender
INFO  2025-03-20 19:59:54.408 [-main][*][o.noear.solon.Solon]: 
View: load: org.noear.solon.view.freemarker.FreemarkerRender
INFO  2025-03-20 19:59:54.409 [-main][*][o.noear.solon.Solon]: 
Render mapping: .ftl=FreemarkerRender
INFO  2025-03-20 19:59:54.411 [-main][*][o.noear.solon.Solon]: 
App: Bean scanning
INFO  2025-03-20 19:59:55.123 [-main][*][o.noear.solon.Solon]: 
solon.connector:main: smarthttp: Started ServerConnector@{HTTP/1.1,[http/1.1]}{http://localhost:8081}
INFO  2025-03-20 19:59:55.123 [-main][*][o.noear.solon.Solon]: 
Server:main: smarthttp: Started (smart http 2.4/3.0.4.1) @672ms
INFO  2025-03-20 19:59:55.124 [-main][*][o.noear.solon.Solon]: 
App: End loading elapsed=1225ms pid=8964 v=3.0.4.1
INFO  2025-03-20 20:57:16.033 [-Thread-1][*][o.noear.solon.Solon]: 
Server:main: smarthttp: Has Stopped (smart http 2.4/3.0.4.1)
INFO  2025-03-20 20:57:16.038 [-Thread-1][*][o.noear.solon.Solon]: 
App: Stopped
